{"/Users/bradenaltstatt/workspace/interviews/disney/heroTypes.js": {"path":"/Users/bradenaltstatt/workspace/interviews/disney/heroTypes.js","statementMap":{"0":{"start":{"line":1,"column":18},"end":{"line":7,"column":1}},"1":{"start":{"line":9,"column":0},"end":{"line":9,"column":26}}},"fnMap":{},"branchMap":{},"s":{"0":1,"1":1},"f":{},"b":{},"_coverageSchema":"43e27e138ebf9cfc5966b082cf9a028302ed4184","hash":"5288761d0a06bcebeecbae9e55e8f86b2da8a196"}
,"/Users/bradenaltstatt/workspace/interviews/disney/utils.js": {"path":"/Users/bradenaltstatt/workspace/interviews/disney/utils.js","statementMap":{"0":{"start":{"line":1,"column":18},"end":{"line":1,"column":40}},"1":{"start":{"line":3,"column":14},"end":{"line":3,"column":16}},"2":{"start":{"line":5,"column":0},"end":{"line":7,"column":1}},"3":{"start":{"line":6,"column":2},"end":{"line":6,"column":15}},"4":{"start":{"line":8,"column":0},"end":{"line":10,"column":1}},"5":{"start":{"line":9,"column":2},"end":{"line":9,"column":15}},"6":{"start":{"line":12,"column":0},"end":{"line":23,"column":2}},"7":{"start":{"line":13,"column":2},"end":{"line":22,"column":7}},"8":{"start":{"line":14,"column":4},"end":{"line":20,"column":5}},"9":{"start":{"line":15,"column":23},"end":{"line":18,"column":11}},"10":{"start":{"line":16,"column":8},"end":{"line":16,"column":24}},"11":{"start":{"line":17,"column":8},"end":{"line":17,"column":19}},"12":{"start":{"line":19,"column":6},"end":{"line":19,"column":21}},"13":{"start":{"line":21,"column":4},"end":{"line":21,"column":15}},"14":{"start":{"line":25,"column":0},"end":{"line":39,"column":1}},"15":{"start":{"line":26,"column":19},"end":{"line":26,"column":36}},"16":{"start":{"line":27,"column":19},"end":{"line":27,"column":49}},"17":{"start":{"line":28,"column":21},"end":{"line":33,"column":7}},"18":{"start":{"line":29,"column":4},"end":{"line":31,"column":5}},"19":{"start":{"line":30,"column":6},"end":{"line":30,"column":38}},"20":{"start":{"line":32,"column":4},"end":{"line":32,"column":15}},"21":{"start":{"line":34,"column":2},"end":{"line":38,"column":3}},"22":{"start":{"line":41,"column":0},"end":{"line":97,"column":1}},"23":{"start":{"line":42,"column":51},"end":{"line":42,"column":57}},"24":{"start":{"line":43,"column":32},"end":{"line":43,"column":39}},"25":{"start":{"line":46,"column":2},"end":{"line":88,"column":3}},"26":{"start":{"line":47,"column":4},"end":{"line":51,"column":5}},"27":{"start":{"line":47,"column":29},"end":{"line":47,"column":50}},"28":{"start":{"line":50,"column":6},"end":{"line":50,"column":55}},"29":{"start":{"line":50,"column":35},"end":{"line":50,"column":55}},"30":{"start":{"line":52,"column":9},"end":{"line":88,"column":3}},"31":{"start":{"line":53,"column":4},"end":{"line":57,"column":5}},"32":{"start":{"line":53,"column":27},"end":{"line":53,"column":46}},"33":{"start":{"line":56,"column":6},"end":{"line":56,"column":51}},"34":{"start":{"line":56,"column":33},"end":{"line":56,"column":51}},"35":{"start":{"line":58,"column":9},"end":{"line":88,"column":3}},"36":{"start":{"line":60,"column":4},"end":{"line":72,"column":5}},"37":{"start":{"line":60,"column":26},"end":{"line":60,"column":46}},"38":{"start":{"line":63,"column":6},"end":{"line":63,"column":46}},"39":{"start":{"line":63,"column":27},"end":{"line":63,"column":44}},"40":{"start":{"line":64,"column":6},"end":{"line":71,"column":7}},"41":{"start":{"line":65,"column":8},"end":{"line":70,"column":9}},"42":{"start":{"line":66,"column":10},"end":{"line":66,"column":23}},"43":{"start":{"line":67,"column":10},"end":{"line":67,"column":29}},"44":{"start":{"line":69,"column":10},"end":{"line":69,"column":28}},"45":{"start":{"line":74,"column":9},"end":{"line":88,"column":3}},"46":{"start":{"line":75,"column":4},"end":{"line":87,"column":5}},"47":{"start":{"line":75,"column":29},"end":{"line":75,"column":52}},"48":{"start":{"line":78,"column":6},"end":{"line":78,"column":49}},"49":{"start":{"line":78,"column":30},"end":{"line":78,"column":47}},"50":{"start":{"line":79,"column":6},"end":{"line":86,"column":7}},"51":{"start":{"line":80,"column":8},"end":{"line":85,"column":9}},"52":{"start":{"line":81,"column":10},"end":{"line":81,"column":26}},"53":{"start":{"line":82,"column":10},"end":{"line":82,"column":32}},"54":{"start":{"line":84,"column":10},"end":{"line":84,"column":31}},"55":{"start":{"line":90,"column":2},"end":{"line":96,"column":4}},"56":{"start":{"line":99,"column":0},"end":{"line":99,"column":22}}},"fnMap":{"0":{"name":"(anonymous_0)","decl":{"start":{"line":5,"column":17},"end":{"line":5,"column":18}},"loc":{"start":{"line":5,"column":27},"end":{"line":7,"column":1}},"line":5},"1":{"name":"(anonymous_1)","decl":{"start":{"line":8,"column":12},"end":{"line":8,"column":13}},"loc":{"start":{"line":8,"column":22},"end":{"line":10,"column":1}},"line":8},"2":{"name":"(anonymous_2)","decl":{"start":{"line":12,"column":23},"end":{"line":12,"column":24}},"loc":{"start":{"line":12,"column":35},"end":{"line":23,"column":1}},"line":12},"3":{"name":"(anonymous_3)","decl":{"start":{"line":13,"column":39},"end":{"line":13,"column":40}},"loc":{"start":{"line":13,"column":66},"end":{"line":22,"column":3}},"line":13},"4":{"name":"(anonymous_4)","decl":{"start":{"line":15,"column":39},"end":{"line":15,"column":40}},"loc":{"start":{"line":15,"column":53},"end":{"line":18,"column":7}},"line":15},"5":{"name":"(anonymous_5)","decl":{"start":{"line":25,"column":31},"end":{"line":25,"column":32}},"loc":{"start":{"line":25,"column":41},"end":{"line":39,"column":1}},"line":25},"6":{"name":"(anonymous_6)","decl":{"start":{"line":28,"column":63},"end":{"line":28,"column":64}},"loc":{"start":{"line":28,"column":87},"end":{"line":33,"column":3}},"line":28},"7":{"name":"(anonymous_7)","decl":{"start":{"line":41,"column":21},"end":{"line":41,"column":22}},"loc":{"start":{"line":41,"column":42},"end":{"line":97,"column":1}},"line":41},"8":{"name":"(anonymous_8)","decl":{"start":{"line":63,"column":17},"end":{"line":63,"column":18}},"loc":{"start":{"line":63,"column":27},"end":{"line":63,"column":44}},"line":63},"9":{"name":"(anonymous_9)","decl":{"start":{"line":78,"column":20},"end":{"line":78,"column":21}},"loc":{"start":{"line":78,"column":30},"end":{"line":78,"column":47}},"line":78}},"branchMap":{"0":{"loc":{"start":{"line":14,"column":4},"end":{"line":20,"column":5}},"type":"if","locations":[{"start":{"line":14,"column":4},"end":{"line":20,"column":5}},{"start":{"line":14,"column":4},"end":{"line":20,"column":5}}],"line":14},"1":{"loc":{"start":{"line":29,"column":4},"end":{"line":31,"column":5}},"type":"if","locations":[{"start":{"line":29,"column":4},"end":{"line":31,"column":5}},{"start":{"line":29,"column":4},"end":{"line":31,"column":5}}],"line":29},"2":{"loc":{"start":{"line":46,"column":2},"end":{"line":88,"column":3}},"type":"if","locations":[{"start":{"line":46,"column":2},"end":{"line":88,"column":3}},{"start":{"line":46,"column":2},"end":{"line":88,"column":3}}],"line":46},"3":{"loc":{"start":{"line":47,"column":4},"end":{"line":51,"column":5}},"type":"if","locations":[{"start":{"line":47,"column":4},"end":{"line":51,"column":5}},{"start":{"line":47,"column":4},"end":{"line":51,"column":5}}],"line":47},"4":{"loc":{"start":{"line":50,"column":6},"end":{"line":50,"column":55}},"type":"if","locations":[{"start":{"line":50,"column":6},"end":{"line":50,"column":55}},{"start":{"line":50,"column":6},"end":{"line":50,"column":55}}],"line":50},"5":{"loc":{"start":{"line":52,"column":9},"end":{"line":88,"column":3}},"type":"if","locations":[{"start":{"line":52,"column":9},"end":{"line":88,"column":3}},{"start":{"line":52,"column":9},"end":{"line":88,"column":3}}],"line":52},"6":{"loc":{"start":{"line":53,"column":4},"end":{"line":57,"column":5}},"type":"if","locations":[{"start":{"line":53,"column":4},"end":{"line":57,"column":5}},{"start":{"line":53,"column":4},"end":{"line":57,"column":5}}],"line":53},"7":{"loc":{"start":{"line":56,"column":6},"end":{"line":56,"column":51}},"type":"if","locations":[{"start":{"line":56,"column":6},"end":{"line":56,"column":51}},{"start":{"line":56,"column":6},"end":{"line":56,"column":51}}],"line":56},"8":{"loc":{"start":{"line":58,"column":9},"end":{"line":88,"column":3}},"type":"if","locations":[{"start":{"line":58,"column":9},"end":{"line":88,"column":3}},{"start":{"line":58,"column":9},"end":{"line":88,"column":3}}],"line":58},"9":{"loc":{"start":{"line":60,"column":4},"end":{"line":72,"column":5}},"type":"if","locations":[{"start":{"line":60,"column":4},"end":{"line":72,"column":5}},{"start":{"line":60,"column":4},"end":{"line":72,"column":5}}],"line":60},"10":{"loc":{"start":{"line":64,"column":6},"end":{"line":71,"column":7}},"type":"if","locations":[{"start":{"line":64,"column":6},"end":{"line":71,"column":7}},{"start":{"line":64,"column":6},"end":{"line":71,"column":7}}],"line":64},"11":{"loc":{"start":{"line":65,"column":8},"end":{"line":70,"column":9}},"type":"if","locations":[{"start":{"line":65,"column":8},"end":{"line":70,"column":9}},{"start":{"line":65,"column":8},"end":{"line":70,"column":9}}],"line":65},"12":{"loc":{"start":{"line":74,"column":9},"end":{"line":88,"column":3}},"type":"if","locations":[{"start":{"line":74,"column":9},"end":{"line":88,"column":3}},{"start":{"line":74,"column":9},"end":{"line":88,"column":3}}],"line":74},"13":{"loc":{"start":{"line":75,"column":4},"end":{"line":87,"column":5}},"type":"if","locations":[{"start":{"line":75,"column":4},"end":{"line":87,"column":5}},{"start":{"line":75,"column":4},"end":{"line":87,"column":5}}],"line":75},"14":{"loc":{"start":{"line":79,"column":6},"end":{"line":86,"column":7}},"type":"if","locations":[{"start":{"line":79,"column":6},"end":{"line":86,"column":7}},{"start":{"line":79,"column":6},"end":{"line":86,"column":7}}],"line":79},"15":{"loc":{"start":{"line":80,"column":8},"end":{"line":85,"column":9}},"type":"if","locations":[{"start":{"line":80,"column":8},"end":{"line":85,"column":9}},{"start":{"line":80,"column":8},"end":{"line":85,"column":9}}],"line":80}},"s":{"0":1,"1":1,"2":1,"3":1,"4":1,"5":1,"6":1,"7":1,"8":5,"9":4,"10":6,"11":6,"12":4,"13":5,"14":1,"15":0,"16":0,"17":0,"18":0,"19":0,"20":0,"21":0,"22":1,"23":0,"24":0,"25":0,"26":0,"27":0,"28":0,"29":0,"30":0,"31":0,"32":0,"33":0,"34":0,"35":0,"36":0,"37":0,"38":0,"39":0,"40":0,"41":0,"42":0,"43":0,"44":0,"45":0,"46":0,"47":0,"48":0,"49":0,"50":0,"51":0,"52":0,"53":0,"54":0,"55":0,"56":1},"f":{"0":1,"1":1,"2":1,"3":5,"4":6,"5":0,"6":0,"7":0,"8":0,"9":0},"b":{"0":[4,1],"1":[0,0],"2":[0,0],"3":[0,0],"4":[0,0],"5":[0,0],"6":[0,0],"7":[0,0],"8":[0,0],"9":[0,0],"10":[0,0],"11":[0,0],"12":[0,0],"13":[0,0],"14":[0,0],"15":[0,0]},"_coverageSchema":"43e27e138ebf9cfc5966b082cf9a028302ed4184","hash":"7d24144114c07565ffe5e0a0090c355ebc29ac2c"}
}
